Reading netlist file: "E:\Display_on_desktop\Now_project\Erik\impl\gwsynthesis\Erik.vg"
Parsing netlist file "E:\Display_on_desktop\Now_project\Erik\impl\gwsynthesis\Erik.vg" completed
Processing netlist completed
Reading constraint file: "E:\Display_on_desktop\Now_project\Erik\src\1.cst"
Physical Constraint parsed completed
Running placement......
[10%] Placement Phase 0 completed
[20%] Placement Phase 1 completed
[30%] Placement Phase 2 completed
WARN  (TA1117) : Can't calculate clocks' relationship between: "uart_master_rxclk_int" and "sys_clk"
WARN  (TA1117) : Can't calculate clocks' relationship between: "sys_clk" and "uart_master_rxclk_int"
[50%] Placement Phase 3 completed
Running routing......
[60%] Routing Phase 0 completed
[70%] Routing Phase 1 completed
[80%] Routing Phase 2 completed
[90%] Routing Phase 3 completed
Running timing analysis......
[95%] Timing analysis completed
Placement and routing completed
Bitstream generation in progress......
Bitstream generation completed
Running power analysis......
[100%] Power analysis completed
Generate file "E:\Display_on_desktop\Now_project\Erik\impl\pnr\Erik.power.html" completed
Generate file "E:\Display_on_desktop\Now_project\Erik\impl\pnr\Erik.pin.html" completed
Generate file "E:\Display_on_desktop\Now_project\Erik\impl\pnr\Erik.rpt.html" completed
Generate file "E:\Display_on_desktop\Now_project\Erik\impl\pnr\Erik.rpt.txt" completed
Generate file "E:\Display_on_desktop\Now_project\Erik\impl\pnr\Erik.tr.html" completed
Thu Jun 11 14:44:47 2026

