GowinSynthesis start
Running parser ...
Analyzing Verilog file 'E:\workspace\FPGA\Erik\src\adc_scanner.v'
Analyzing Verilog file 'E:\workspace\FPGA\Erik\src\gowin_rpll\gowin_rpll.v'
Analyzing Verilog file 'E:\workspace\FPGA\Erik\src\led_stream.v'
Analyzing Verilog file 'E:\workspace\FPGA\Erik\src\rt_algorithm.v'
Analyzing Verilog file 'E:\workspace\FPGA\Erik\src\spi.v'
Analyzing Verilog file 'E:\workspace\FPGA\Erik\src\spi_master\spi_master.v'
Analyzing Verilog file 'E:\workspace\FPGA\Erik\src\top_module.v'
Analyzing Verilog file 'E:\workspace\FPGA\Erik\src\uart_master\uart_master.v'
Compiling module 'top_module'("E:\workspace\FPGA\Erik\src\top_module.v":1)
Compiling module 'internal_clock_50m'("E:\workspace\FPGA\Erik\src\top_module.v":147)
Compiling module 'adc_scanner'("E:\workspace\FPGA\Erik\src\adc_scanner.v":1)
Compiling module 'ads7953_spi'("E:\workspace\FPGA\Erik\src\spi.v":1)
Compiling module 'rt_algorithm'("E:\workspace\FPGA\Erik\src\rt_algorithm.v":1)
Compiling module 'uart_master_byte_sender'("E:\workspace\FPGA\Erik\src\top_module.v":198)
Compiling module '**'("E:\workspace\FPGA\Erik\src\uart_master\uart_master.v":1476)
Compiling module 'led_stream'("E:\workspace\FPGA\Erik\src\led_stream.v":1)
NOTE  (EX0101) : Current top module is "top_module"
[5%] Running netlist conversion ...
Running device independent optimization ...
[10%] Optimizing Phase 0 completed
[15%] Optimizing Phase 1 completed
[25%] Optimizing Phase 2 completed
Running inference ...
[30%] Inferring Phase 0 completed
[40%] Inferring Phase 1 completed
[50%] Inferring Phase 2 completed
[55%] Inferring Phase 3 completed
Running technical mapping ...
[60%] Tech-Mapping Phase 0 completed
[65%] Tech-Mapping Phase 1 completed
[75%] Tech-Mapping Phase 2 completed
[80%] Tech-Mapping Phase 3 completed
[90%] Tech-Mapping Phase 4 completed
[95%] Generate netlist file "E:\workspace\FPGA\Erik\impl\gwsynthesis\Erik.vg" completed
WARN  (CK3000) : Can't calculate clocks' relationship between: "u_uart_master/i4/u_baudset/rxclk_Z" and "u_internal_clock_50m/u_pll/CLKOUT.default_gen_clk"
WARN  (CK3000) : Can't calculate clocks' relationship between: "u_internal_clock_50m/u_pll/CLKOUT.default_gen_clk" and "u_uart_master/i4/u_baudset/rxclk_Z"
[100%] Generate report file "E:\workspace\FPGA\Erik\impl\gwsynthesis\Erik_syn.rpt.html" completed
GowinSynthesis finish
